<?xml version="1.0" encoding="UTF-8"?>
<!-- Generated by org.testng.reporters.JUnitXMLReporter -->
<testsuite hostname="AucSoft-PC" ignored="4" name="Default test" tests="1" failures="0" timestamp="24 Nov 2018 06:58:35 GMT" time="125.467" errors="0">
  <testcase name="Excegution" time="83.24" classname="winAdmin.Supplier"/>
  <testcase name="CreateAuction" time="0.0" classname="winAdmin.Supplier">
    <ignored/>
  </testcase> <!-- CreateAuction -->
  <testcase name="AddProduct" time="0.0" classname="winAdmin.Supplier">
    <ignored/>
  </testcase> <!-- AddProduct -->
  <testcase name="loginadmin" time="0.0" classname="winAdmin.Supplier">
    <ignored/>
  </testcase> <!-- loginadmin -->
  <testcase name="AddSupplier" time="0.0" classname="winAdmin.Supplier">
    <ignored/>
  </testcase> <!-- AddSupplier -->
</testsuite> <!-- Default test -->
