<?xml version="1.0" encoding="UTF-8"?>
<testng-results skipped="0" failed="0" ignored="4" total="5" passed="1">
  <reporter-output>
  </reporter-output>
  <suite name="Default suite" duration-ms="125467" started-at="2018-11-24T06:56:29Z" finished-at="2018-11-24T06:58:34Z">
    <groups>
    </groups>
    <test name="Default test" duration-ms="125467" started-at="2018-11-24T06:56:29Z" finished-at="2018-11-24T06:58:34Z">
      <class name="winAdmin.Supplier">
        <test-method status="PASS" signature="Login()[pri:0, instance:winAdmin.Supplier@39aeed2f]" name="Login" is-config="true" duration-ms="42082" started-at="2018-11-24T06:56:29Z" finished-at="2018-11-24T06:57:11Z">
          <reporter-output>
          </reporter-output>
        </test-method> <!-- Login -->
        <test-method status="PASS" signature="Excegution()[pri:0, instance:winAdmin.Supplier@39aeed2f]" name="Excegution" duration-ms="83240" started-at="2018-11-24T06:57:11Z" finished-at="2018-11-24T06:58:34Z">
          <reporter-output>
          </reporter-output>
        </test-method> <!-- Excegution -->
        <test-method status="PASS" signature="logout()[pri:0, instance:winAdmin.Supplier@39aeed2f]" name="logout" is-config="true" duration-ms="2" started-at="2018-11-24T06:58:34Z" finished-at="2018-11-24T06:58:34Z">
          <reporter-output>
          </reporter-output>
        </test-method> <!-- logout -->
      </class> <!-- winAdmin.Supplier -->
    </test> <!-- Default test -->
  </suite> <!-- Default suite -->
</testng-results>
